mode: atomic
github.com/gopaytech/go-commons/pkg/encoding/base32.go:7.61,9.16 2 2
github.com/gopaytech/go-commons/pkg/encoding/base32.go:13.2,13.32 1 1
github.com/gopaytech/go-commons/pkg/encoding/base32.go:9.16,11.3 1 1
github.com/gopaytech/go-commons/pkg/encoding/base32.go:16.50,18.2 1 1
github.com/gopaytech/go-commons/pkg/encoding/base32.go:20.55,22.2 1 0
github.com/gopaytech/go-commons/pkg/encoding/base64.go:5.61,7.16 2 2
github.com/gopaytech/go-commons/pkg/encoding/base64.go:11.2,11.32 1 1
github.com/gopaytech/go-commons/pkg/encoding/base64.go:7.16,9.3 1 1
github.com/gopaytech/go-commons/pkg/encoding/base64.go:14.66,16.16 2 1
github.com/gopaytech/go-commons/pkg/encoding/base64.go:20.2,20.24 1 1
github.com/gopaytech/go-commons/pkg/encoding/base64.go:16.16,18.3 1 0
github.com/gopaytech/go-commons/pkg/encoding/base64.go:23.50,25.2 1 1
github.com/gopaytech/go-commons/pkg/encoding/base64.go:27.55,29.2 1 0
github.com/gopaytech/go-commons/pkg/compress/gz.go:9.57,14.2 4 1
github.com/gopaytech/go-commons/pkg/compress/gz.go:16.65,18.22 2 1
github.com/gopaytech/go-commons/pkg/compress/gz.go:22.2,25.22 3 1
github.com/gopaytech/go-commons/pkg/compress/gz.go:29.2,31.44 2 1
github.com/gopaytech/go-commons/pkg/compress/gz.go:18.22,21.3 2 0
github.com/gopaytech/go-commons/pkg/compress/gz.go:25.22,28.3 2 0
github.com/gopaytech/go-commons/pkg/compress/tar.go:15.64,16.51 1 2
github.com/gopaytech/go-commons/pkg/compress/tar.go:20.2,23.96 3 2
github.com/gopaytech/go-commons/pkg/compress/tar.go:55.2,55.8 1 2
github.com/gopaytech/go-commons/pkg/compress/tar.go:16.51,18.3 1 0
github.com/gopaytech/go-commons/pkg/compress/tar.go:23.96,24.17 1 6
github.com/gopaytech/go-commons/pkg/compress/tar.go:28.3,28.35 1 6
github.com/gopaytech/go-commons/pkg/compress/tar.go:32.3,33.17 2 4
github.com/gopaytech/go-commons/pkg/compress/tar.go:37.3,40.55 3 4
github.com/gopaytech/go-commons/pkg/compress/tar.go:44.3,45.17 2 4
github.com/gopaytech/go-commons/pkg/compress/tar.go:48.3,48.57 1 4
github.com/gopaytech/go-commons/pkg/compress/tar.go:51.3,52.13 2 4
github.com/gopaytech/go-commons/pkg/compress/tar.go:24.17,26.4 1 0
github.com/gopaytech/go-commons/pkg/compress/tar.go:28.35,30.4 1 2
github.com/gopaytech/go-commons/pkg/compress/tar.go:33.17,35.4 1 0
github.com/gopaytech/go-commons/pkg/compress/tar.go:40.55,42.4 1 0
github.com/gopaytech/go-commons/pkg/compress/tar.go:45.17,47.4 1 0
github.com/gopaytech/go-commons/pkg/compress/tar.go:48.57,50.4 1 0
github.com/gopaytech/go-commons/pkg/compress/tar.go:58.66,59.51 1 1
github.com/gopaytech/go-commons/pkg/compress/tar.go:63.2,65.39 3 1
github.com/gopaytech/go-commons/pkg/compress/tar.go:59.51,61.3 1 0
github.com/gopaytech/go-commons/pkg/compress/tar.go:69.73,71.22 2 4
github.com/gopaytech/go-commons/pkg/compress/tar.go:75.2,77.30 2 3
github.com/gopaytech/go-commons/pkg/compress/tar.go:71.22,74.3 2 1
github.com/gopaytech/go-commons/pkg/compress/tar.go:80.66,83.38 2 7
github.com/gopaytech/go-commons/pkg/compress/tar.go:93.2,94.6 2 7
github.com/gopaytech/go-commons/pkg/compress/tar.go:133.2,133.26 1 6
github.com/gopaytech/go-commons/pkg/compress/tar.go:83.38,87.34 1 12
github.com/gopaytech/go-commons/pkg/compress/tar.go:90.3,90.14 1 12
github.com/gopaytech/go-commons/pkg/compress/tar.go:87.34,89.4 1 0
github.com/gopaytech/go-commons/pkg/compress/tar.go:94.6,96.20 2 19
github.com/gopaytech/go-commons/pkg/compress/tar.go:100.3,100.17 1 13
github.com/gopaytech/go-commons/pkg/compress/tar.go:104.3,104.30 1 12
github.com/gopaytech/go-commons/pkg/compress/tar.go:108.3,110.26 2 12
github.com/gopaytech/go-commons/pkg/compress/tar.go:96.20,97.9 1 6
github.com/gopaytech/go-commons/pkg/compress/tar.go:100.17,102.4 1 1
github.com/gopaytech/go-commons/pkg/compress/tar.go:104.30,106.4 1 0
github.com/gopaytech/go-commons/pkg/compress/tar.go:112.20,113.27 1 0
github.com/gopaytech/go-commons/pkg/compress/tar.go:118.20,120.18 2 12
github.com/gopaytech/go-commons/pkg/compress/tar.go:123.4,124.18 2 12
github.com/gopaytech/go-commons/pkg/compress/tar.go:128.4,129.27 2 12
github.com/gopaytech/go-commons/pkg/compress/tar.go:113.27,114.53 1 0
github.com/gopaytech/go-commons/pkg/compress/tar.go:114.53,116.6 1 0
github.com/gopaytech/go-commons/pkg/compress/tar.go:120.18,122.5 1 0
github.com/gopaytech/go-commons/pkg/compress/tar.go:124.18,126.5 1 0
github.com/gopaytech/go-commons/pkg/statsd/client.go:18.70,20.23 2 1
github.com/gopaytech/go-commons/pkg/statsd/client.go:23.2,23.27 1 1
github.com/gopaytech/go-commons/pkg/statsd/client.go:26.2,26.25 1 1
github.com/gopaytech/go-commons/pkg/statsd/client.go:29.2,30.16 2 1
github.com/gopaytech/go-commons/pkg/statsd/client.go:20.23,22.3 1 1
github.com/gopaytech/go-commons/pkg/statsd/client.go:23.27,25.3 1 1
github.com/gopaytech/go-commons/pkg/statsd/client.go:26.25,28.3 1 1
github.com/gopaytech/go-commons/pkg/statsd/client.go:33.64,36.2 2 1
github.com/gopaytech/go-commons/pkg/statsd/client_mock.go:9.30,11.2 1 0
github.com/gopaytech/go-commons/pkg/statsd/client_mock.go:13.47,15.2 1 0
github.com/gopaytech/go-commons/pkg/statsd/client_mock.go:17.63,19.2 1 1
github.com/gopaytech/go-commons/pkg/statsd/publisher.go:19.53,22.2 2 1
github.com/gopaytech/go-commons/pkg/statsd/publisher.go:24.46,29.2 1 1
github.com/gopaytech/go-commons/pkg/statsd/publisher.go:31.79,37.2 2 1
github.com/gopaytech/go-commons/pkg/strings/builder.go:19.66,21.2 1 0
github.com/gopaytech/go-commons/pkg/strings/builder.go:23.68,26.2 2 0
github.com/gopaytech/go-commons/pkg/strings/builder.go:28.48,30.2 1 0
github.com/gopaytech/go-commons/pkg/strings/builder.go:32.53,36.2 3 0
github.com/gopaytech/go-commons/pkg/strings/builder.go:38.27,40.2 1 0
github.com/gopaytech/go-commons/pkg/strings/random.go:14.59,16.19 2 0
github.com/gopaytech/go-commons/pkg/strings/random.go:19.2,19.18 1 0
github.com/gopaytech/go-commons/pkg/strings/random.go:16.19,18.3 1 0
github.com/gopaytech/go-commons/pkg/strings/random.go:22.44,24.2 1 0
github.com/gopaytech/go-commons/pkg/strings/source.go:8.63,14.2 5 0
github.com/gopaytech/go-commons/pkg/strings/string.go:10.38,12.20 2 0
github.com/gopaytech/go-commons/pkg/strings/string.go:15.2,15.14 1 0
github.com/gopaytech/go-commons/pkg/strings/string.go:12.20,14.3 1 0
github.com/gopaytech/go-commons/pkg/strings/string.go:18.31,20.2 1 0
github.com/gopaytech/go-commons/pkg/strings/string.go:22.44,24.24 2 0
github.com/gopaytech/go-commons/pkg/strings/string.go:29.2,29.10 1 0
github.com/gopaytech/go-commons/pkg/strings/string.go:24.24,25.26 1 0
github.com/gopaytech/go-commons/pkg/strings/string.go:25.26,27.4 1 0
github.com/gopaytech/go-commons/pkg/strings/string.go:32.105,35.16 3 0
github.com/gopaytech/go-commons/pkg/strings/string.go:39.2,40.8 2 0
github.com/gopaytech/go-commons/pkg/strings/string.go:35.16,37.3 1 0
github.com/gopaytech/go-commons/pkg/strings/string.go:44.60,46.33 2 0
github.com/gopaytech/go-commons/pkg/strings/string.go:49.2,49.8 1 0
github.com/gopaytech/go-commons/pkg/strings/string.go:46.33,48.3 1 0
github.com/gopaytech/go-commons/pkg/strings/string.go:52.46,54.2 1 1
github.com/gopaytech/go-commons/pkg/strings/string.go:56.58,59.21 3 2
github.com/gopaytech/go-commons/pkg/strings/string.go:62.2,62.8 1 2
github.com/gopaytech/go-commons/pkg/strings/string.go:59.21,61.3 1 1
github.com/gopaytech/go-commons/pkg/tmpl/ignore.go:17.47,19.19 1 227
github.com/gopaytech/go-commons/pkg/tmpl/ignore.go:24.2,24.37 1 226
github.com/gopaytech/go-commons/pkg/tmpl/ignore.go:29.2,39.12 3 225
github.com/gopaytech/go-commons/pkg/tmpl/ignore.go:48.2,52.45 2 225
github.com/gopaytech/go-commons/pkg/tmpl/ignore.go:64.2,64.58 1 215
github.com/gopaytech/go-commons/pkg/tmpl/ignore.go:95.2,96.16 2 215
github.com/gopaytech/go-commons/pkg/tmpl/ignore.go:101.2,101.12 1 215
github.com/gopaytech/go-commons/pkg/tmpl/ignore.go:104.2,104.16 1 213
github.com/gopaytech/go-commons/pkg/tmpl/ignore.go:19.19,21.3 1 1
github.com/gopaytech/go-commons/pkg/tmpl/ignore.go:24.37,26.3 1 1
github.com/gopaytech/go-commons/pkg/tmpl/ignore.go:39.12,41.3 1 5
github.com/gopaytech/go-commons/pkg/tmpl/ignore.go:52.45,54.13 2 10
github.com/gopaytech/go-commons/pkg/tmpl/ignore.go:57.3,57.16 1 10
github.com/gopaytech/go-commons/pkg/tmpl/ignore.go:54.13,56.4 1 3
github.com/gopaytech/go-commons/pkg/tmpl/ignore.go:64.58,66.17 2 181
github.com/gopaytech/go-commons/pkg/tmpl/ignore.go:71.3,71.17 1 181
github.com/gopaytech/go-commons/pkg/tmpl/ignore.go:66.17,69.4 2 0
github.com/gopaytech/go-commons/pkg/tmpl/ignore.go:71.17,73.24 2 0
github.com/gopaytech/go-commons/pkg/tmpl/ignore.go:80.4,80.14 1 0
github.com/gopaytech/go-commons/pkg/tmpl/ignore.go:83.4,83.16 1 0
github.com/gopaytech/go-commons/pkg/tmpl/ignore.go:73.24,74.19 1 0
github.com/gopaytech/go-commons/pkg/tmpl/ignore.go:74.19,76.11 2 0
github.com/gopaytech/go-commons/pkg/tmpl/ignore.go:80.14,82.5 1 0
github.com/gopaytech/go-commons/pkg/tmpl/ignore.go:96.16,99.3 1 0
github.com/gopaytech/go-commons/pkg/tmpl/ignore.go:101.12,103.3 1 2
github.com/gopaytech/go-commons/pkg/tmpl/ignore.go:107.50,112.46 1 10
github.com/gopaytech/go-commons/pkg/tmpl/ignore.go:120.2,120.46 1 7
github.com/gopaytech/go-commons/pkg/tmpl/ignore.go:128.2,129.29 2 4
github.com/gopaytech/go-commons/pkg/tmpl/ignore.go:150.2,150.14 1 0
github.com/gopaytech/go-commons/pkg/tmpl/ignore.go:112.46,115.3 2 3
github.com/gopaytech/go-commons/pkg/tmpl/ignore.go:120.46,123.3 2 3
github.com/gopaytech/go-commons/pkg/tmpl/ignore.go:129.29,130.12 1 7
github.com/gopaytech/go-commons/pkg/tmpl/ignore.go:145.3,146.24 2 3
github.com/gopaytech/go-commons/pkg/tmpl/ignore.go:131.10,132.39 1 4
github.com/gopaytech/go-commons/pkg/tmpl/ignore.go:135.23,137.41 2 3
github.com/gopaytech/go-commons/pkg/tmpl/ignore.go:138.11,139.38 1 0
github.com/gopaytech/go-commons/pkg/tmpl/ignore.go:132.39,134.5 1 1
github.com/gopaytech/go-commons/pkg/tmpl/ignore.go:139.38,141.5 1 0
github.com/gopaytech/go-commons/pkg/tmpl/result.go:52.48,54.2 1 11
github.com/gopaytech/go-commons/pkg/tmpl/result.go:56.45,58.2 1 1
github.com/gopaytech/go-commons/pkg/tmpl/result.go:60.57,62.2 1 0
github.com/gopaytech/go-commons/pkg/tmpl/result.go:64.49,66.2 1 5
github.com/gopaytech/go-commons/pkg/tmpl/result.go:68.58,70.45 2 1
github.com/gopaytech/go-commons/pkg/tmpl/result.go:75.2,75.8 1 1
github.com/gopaytech/go-commons/pkg/tmpl/result.go:70.45,71.23 1 12
github.com/gopaytech/go-commons/pkg/tmpl/result.go:71.23,73.4 1 5
github.com/gopaytech/go-commons/pkg/tmpl/result.go:79.53,81.45 2 2
github.com/gopaytech/go-commons/pkg/tmpl/result.go:86.2,87.8 2 2
github.com/gopaytech/go-commons/pkg/tmpl/result.go:81.45,82.25 1 24
github.com/gopaytech/go-commons/pkg/tmpl/result.go:82.25,84.4 1 4
github.com/gopaytech/go-commons/pkg/tmpl/result.go:90.90,92.64 1 1
github.com/gopaytech/go-commons/pkg/tmpl/result.go:96.2,97.16 2 1
github.com/gopaytech/go-commons/pkg/tmpl/result.go:102.2,102.41 1 1
github.com/gopaytech/go-commons/pkg/tmpl/result.go:110.2,110.45 1 1
github.com/gopaytech/go-commons/pkg/tmpl/result.go:150.2,150.8 1 1
github.com/gopaytech/go-commons/pkg/tmpl/result.go:92.64,94.3 1 1
github.com/gopaytech/go-commons/pkg/tmpl/result.go:97.16,99.3 1 0
github.com/gopaytech/go-commons/pkg/tmpl/result.go:102.41,104.18 2 2
github.com/gopaytech/go-commons/pkg/tmpl/result.go:104.18,107.4 2 0
github.com/gopaytech/go-commons/pkg/tmpl/result.go:110.45,111.23 1 12
github.com/gopaytech/go-commons/pkg/tmpl/result.go:111.23,114.19 3 5
github.com/gopaytech/go-commons/pkg/tmpl/result.go:119.4,121.19 3 5
github.com/gopaytech/go-commons/pkg/tmpl/result.go:114.19,117.5 2 0
github.com/gopaytech/go-commons/pkg/tmpl/result.go:121.19,124.5 2 0
github.com/gopaytech/go-commons/pkg/tmpl/result.go:125.9,130.19 4 7
github.com/gopaytech/go-commons/pkg/tmpl/result.go:135.4,135.21 1 7
github.com/gopaytech/go-commons/pkg/tmpl/result.go:130.19,133.5 2 0
github.com/gopaytech/go-commons/pkg/tmpl/result.go:135.21,137.20 2 5
github.com/gopaytech/go-commons/pkg/tmpl/result.go:142.5,143.20 2 5
github.com/gopaytech/go-commons/pkg/tmpl/result.go:137.20,140.6 2 0
github.com/gopaytech/go-commons/pkg/tmpl/result.go:143.20,146.6 2 0
github.com/gopaytech/go-commons/pkg/tmpl/result.go:153.80,155.45 2 1
github.com/gopaytech/go-commons/pkg/tmpl/result.go:185.2,185.8 1 1
github.com/gopaytech/go-commons/pkg/tmpl/result.go:155.45,156.23 1 12
github.com/gopaytech/go-commons/pkg/tmpl/result.go:156.23,164.19 4 5
github.com/gopaytech/go-commons/pkg/tmpl/result.go:181.4,181.44 1 5
github.com/gopaytech/go-commons/pkg/tmpl/result.go:164.19,167.5 2 0
github.com/gopaytech/go-commons/pkg/tmpl/result.go:167.10,171.24 4 5
github.com/gopaytech/go-commons/pkg/tmpl/result.go:171.24,173.45 2 219
github.com/gopaytech/go-commons/pkg/tmpl/result.go:173.45,176.7 2 56
github.com/gopaytech/go-commons/pkg/tmpl/result.go:188.94,190.45 2 1
github.com/gopaytech/go-commons/pkg/tmpl/result.go:220.2,220.8 1 1
github.com/gopaytech/go-commons/pkg/tmpl/result.go:190.45,191.23 1 12
github.com/gopaytech/go-commons/pkg/tmpl/result.go:191.23,194.19 3 5
github.com/gopaytech/go-commons/pkg/tmpl/result.go:199.4,199.47 1 5
github.com/gopaytech/go-commons/pkg/tmpl/result.go:194.19,197.5 2 0
github.com/gopaytech/go-commons/pkg/tmpl/result.go:200.9,203.19 3 7
github.com/gopaytech/go-commons/pkg/tmpl/result.go:208.4,208.21 1 7
github.com/gopaytech/go-commons/pkg/tmpl/result.go:203.19,206.5 2 0
github.com/gopaytech/go-commons/pkg/tmpl/result.go:208.21,210.20 2 5
github.com/gopaytech/go-commons/pkg/tmpl/result.go:215.5,215.39 1 5
github.com/gopaytech/go-commons/pkg/tmpl/result.go:210.20,213.6 2 0
github.com/gopaytech/go-commons/pkg/tmpl/scan.go:24.54,26.2 1 1
github.com/gopaytech/go-commons/pkg/tmpl/scan.go:28.44,33.2 3 1
github.com/gopaytech/go-commons/pkg/tmpl/scan.go:36.67,38.20 2 177
github.com/gopaytech/go-commons/pkg/tmpl/scan.go:42.2,42.35 1 176
github.com/gopaytech/go-commons/pkg/tmpl/scan.go:47.2,47.13 1 12
github.com/gopaytech/go-commons/pkg/tmpl/scan.go:38.20,40.3 1 1
github.com/gopaytech/go-commons/pkg/tmpl/scan.go:42.35,43.25 1 382
github.com/gopaytech/go-commons/pkg/tmpl/scan.go:43.25,45.4 1 164
github.com/gopaytech/go-commons/pkg/tmpl/scan.go:50.34,58.2 1 1
github.com/gopaytech/go-commons/pkg/tmpl/scan.go:65.82,66.31 1 1
github.com/gopaytech/go-commons/pkg/tmpl/scan.go:71.2,71.62 1 1
github.com/gopaytech/go-commons/pkg/tmpl/scan.go:76.2,77.33 2 1
github.com/gopaytech/go-commons/pkg/tmpl/scan.go:84.2,85.38 2 1
github.com/gopaytech/go-commons/pkg/tmpl/scan.go:90.2,91.29 2 1
github.com/gopaytech/go-commons/pkg/tmpl/scan.go:95.2,103.86 3 1
github.com/gopaytech/go-commons/pkg/tmpl/scan.go:142.2,144.20 2 1
github.com/gopaytech/go-commons/pkg/tmpl/scan.go:66.31,68.3 1 0
github.com/gopaytech/go-commons/pkg/tmpl/scan.go:71.62,73.3 1 1
github.com/gopaytech/go-commons/pkg/tmpl/scan.go:77.33,81.3 3 1
github.com/gopaytech/go-commons/pkg/tmpl/scan.go:85.38,88.3 2 1
github.com/gopaytech/go-commons/pkg/tmpl/scan.go:91.29,93.3 1 1
github.com/gopaytech/go-commons/pkg/tmpl/scan.go:103.86,104.17 1 177
github.com/gopaytech/go-commons/pkg/tmpl/scan.go:108.3,110.42 2 177
github.com/gopaytech/go-commons/pkg/tmpl/scan.go:139.3,139.13 1 177
github.com/gopaytech/go-commons/pkg/tmpl/scan.go:104.17,106.4 1 0
github.com/gopaytech/go-commons/pkg/tmpl/scan.go:110.42,116.61 2 12
github.com/gopaytech/go-commons/pkg/tmpl/scan.go:136.4,136.44 1 12
github.com/gopaytech/go-commons/pkg/tmpl/scan.go:116.61,122.19 4 5
github.com/gopaytech/go-commons/pkg/tmpl/scan.go:127.5,131.19 3 5
github.com/gopaytech/go-commons/pkg/tmpl/scan.go:122.19,124.6 1 0
github.com/gopaytech/go-commons/pkg/tmpl/scan.go:131.19,133.6 1 0
github.com/gopaytech/go-commons/pkg/tmpl/scan.go:149.115,156.2 5 0
github.com/gopaytech/go-commons/pkg/tmpl/scan.go:160.72,165.2 3 0
github.com/gopaytech/go-commons/pkg/tmpl/scan.go:167.29,168.50 1 1
github.com/gopaytech/go-commons/pkg/tmpl/scan.go:168.50,169.61 1 176
github.com/gopaytech/go-commons/pkg/tmpl/scan.go:173.3,173.38 1 175
github.com/gopaytech/go-commons/pkg/tmpl/scan.go:177.3,177.15 1 28
github.com/gopaytech/go-commons/pkg/tmpl/scan.go:169.61,171.4 1 1
github.com/gopaytech/go-commons/pkg/tmpl/scan.go:173.38,175.4 1 147
github.com/gopaytech/go-commons/pkg/tmpl/scan.go:181.52,186.21 5 1
github.com/gopaytech/go-commons/pkg/tmpl/scan.go:194.2,194.16 1 1
github.com/gopaytech/go-commons/pkg/tmpl/scan.go:186.21,188.48 2 11
github.com/gopaytech/go-commons/pkg/tmpl/scan.go:192.3,192.33 1 11
github.com/gopaytech/go-commons/pkg/tmpl/scan.go:188.48,190.4 1 206
github.com/gopaytech/go-commons/pkg/types/strings.go:8.53,12.28 3 4
github.com/gopaytech/go-commons/pkg/types/strings.go:19.2,19.15 1 4
github.com/gopaytech/go-commons/pkg/types/strings.go:12.28,14.22 2 8
github.com/gopaytech/go-commons/pkg/types/strings.go:14.22,16.4 1 6
github.com/gopaytech/go-commons/pkg/types/strings.go:22.67,23.25 1 4
github.com/gopaytech/go-commons/pkg/types/strings.go:27.2,28.36 2 2
github.com/gopaytech/go-commons/pkg/types/strings.go:34.2,35.23 2 2
github.com/gopaytech/go-commons/pkg/types/strings.go:39.2,39.20 1 2
github.com/gopaytech/go-commons/pkg/types/strings.go:23.25,25.3 1 2
github.com/gopaytech/go-commons/pkg/types/strings.go:28.36,30.17 2 6
github.com/gopaytech/go-commons/pkg/types/strings.go:30.17,32.4 1 0
github.com/gopaytech/go-commons/pkg/types/strings.go:35.23,37.3 1 2
github.com/gopaytech/go-commons/pkg/types/types.go:11.53,13.9 2 4
github.com/gopaytech/go-commons/pkg/types/types.go:17.2,18.12 2 2
github.com/gopaytech/go-commons/pkg/types/types.go:13.9,15.3 1 2
github.com/gopaytech/go-commons/pkg/types/types.go:22.52,24.2 1 2
github.com/gopaytech/go-commons/pkg/deb/builder.go:22.69,24.16 2 3
github.com/gopaytech/go-commons/pkg/deb/builder.go:27.2,31.16 5 2
github.com/gopaytech/go-commons/pkg/deb/builder.go:34.2,35.8 2 1
github.com/gopaytech/go-commons/pkg/deb/builder.go:24.16,26.3 1 1
github.com/gopaytech/go-commons/pkg/deb/builder.go:31.16,33.3 1 1
github.com/gopaytech/go-commons/pkg/deb/builder.go:38.101,40.16 2 3
github.com/gopaytech/go-commons/pkg/deb/builder.go:43.2,44.30 2 2
github.com/gopaytech/go-commons/pkg/deb/builder.go:49.2,49.8 1 2
github.com/gopaytech/go-commons/pkg/deb/builder.go:40.16,42.3 1 1
github.com/gopaytech/go-commons/pkg/deb/builder.go:44.30,48.3 3 2
github.com/gopaytech/go-commons/pkg/deb/builder.go:52.27,58.2 1 0
github.com/gopaytech/go-commons/pkg/deb/builder_mock.go:9.73,12.2 2 0
github.com/gopaytech/go-commons/pkg/deb/config.go:18.59,33.2 2 2
github.com/gopaytech/go-commons/pkg/deb/nfpm_mock.go:14.73,17.2 2 0
github.com/gopaytech/go-commons/pkg/deb/nfpm_mock.go:19.72,22.2 2 2
github.com/gopaytech/go-commons/pkg/jq/remote.go:17.82,23.30 3 3
github.com/gopaytech/go-commons/pkg/jq/remote.go:27.2,28.16 2 3
github.com/gopaytech/go-commons/pkg/jq/remote.go:32.2,32.27 1 2
github.com/gopaytech/go-commons/pkg/jq/remote.go:36.2,36.70 1 2
github.com/gopaytech/go-commons/pkg/jq/remote.go:23.30,25.3 1 1
github.com/gopaytech/go-commons/pkg/jq/remote.go:28.16,30.3 1 1
github.com/gopaytech/go-commons/pkg/jq/remote.go:32.27,34.3 1 0
github.com/gopaytech/go-commons/pkg/jq/remote.go:39.111,41.2 1 1
github.com/gopaytech/go-commons/pkg/jq/file.go:14.80,16.16 2 3
github.com/gopaytech/go-commons/pkg/jq/file.go:20.2,20.64 1 2
github.com/gopaytech/go-commons/pkg/jq/file.go:16.16,18.3 1 1
github.com/gopaytech/go-commons/pkg/jq/file.go:23.77,25.2 1 1
github.com/gopaytech/go-commons/pkg/jq/jq.go:25.123,27.16 2 4
github.com/gopaytech/go-commons/pkg/jq/jq.go:31.2,33.27 2 4
github.com/gopaytech/go-commons/pkg/jq/jq.go:52.2,52.6 1 4
github.com/gopaytech/go-commons/pkg/jq/jq.go:66.2,66.12 1 4
github.com/gopaytech/go-commons/pkg/jq/jq.go:27.16,29.3 1 0
github.com/gopaytech/go-commons/pkg/jq/jq.go:33.27,36.17 3 2
github.com/gopaytech/go-commons/pkg/jq/jq.go:40.3,40.49 1 2
github.com/gopaytech/go-commons/pkg/jq/jq.go:36.17,38.4 1 0
github.com/gopaytech/go-commons/pkg/jq/jq.go:41.8,41.36 1 2
github.com/gopaytech/go-commons/pkg/jq/jq.go:41.36,44.17 3 2
github.com/gopaytech/go-commons/pkg/jq/jq.go:47.3,47.49 1 2
github.com/gopaytech/go-commons/pkg/jq/jq.go:44.17,46.4 1 0
github.com/gopaytech/go-commons/pkg/jq/jq.go:48.8,50.3 1 0
github.com/gopaytech/go-commons/pkg/jq/jq.go:52.6,54.10 2 84
github.com/gopaytech/go-commons/pkg/jq/jq.go:57.3,57.31 1 80
github.com/gopaytech/go-commons/pkg/jq/jq.go:61.3,61.19 1 80
github.com/gopaytech/go-commons/pkg/jq/jq.go:54.10,55.9 1 4
github.com/gopaytech/go-commons/pkg/jq/jq.go:57.31,59.4 1 0
github.com/gopaytech/go-commons/pkg/jq/jq.go:61.19,62.9 1 0
github.com/gopaytech/go-commons/pkg/cmd/command.go:26.97,28.2 1 2
github.com/gopaytech/go-commons/pkg/cmd/command.go:31.135,36.33 4 2
github.com/gopaytech/go-commons/pkg/cmd/command.go:43.2,45.25 2 2
github.com/gopaytech/go-commons/pkg/cmd/command.go:49.2,49.16 1 2
github.com/gopaytech/go-commons/pkg/cmd/command.go:53.2,53.8 1 1
github.com/gopaytech/go-commons/pkg/cmd/command.go:36.33,37.27 1 0
github.com/gopaytech/go-commons/pkg/cmd/command.go:40.3,40.16 1 0
github.com/gopaytech/go-commons/pkg/cmd/command.go:37.27,39.4 1 0
github.com/gopaytech/go-commons/pkg/cmd/command.go:45.25,47.3 1 1
github.com/gopaytech/go-commons/pkg/cmd/command.go:49.16,51.3 1 1
github.com/gopaytech/go-commons/pkg/cmd/command.go:57.164,62.33 4 3
github.com/gopaytech/go-commons/pkg/cmd/command.go:69.2,74.8 4 3
github.com/gopaytech/go-commons/pkg/cmd/command.go:62.33,63.27 1 0
github.com/gopaytech/go-commons/pkg/cmd/command.go:66.3,66.16 1 0
github.com/gopaytech/go-commons/pkg/cmd/command.go:63.27,65.4 1 0
github.com/gopaytech/go-commons/pkg/cmd/command.go:78.126,80.2 1 3
github.com/gopaytech/go-commons/pkg/cmd/command.go:83.61,86.16 3 1
github.com/gopaytech/go-commons/pkg/cmd/command.go:89.2,91.8 3 1
github.com/gopaytech/go-commons/pkg/cmd/command.go:86.16,88.3 1 0
github.com/gopaytech/go-commons/pkg/cmd/command.go:95.56,101.21 4 1
github.com/gopaytech/go-commons/pkg/cmd/command.go:101.21,103.3 1 5
github.com/gopaytech/go-commons/pkg/cmd/command.go:106.86,115.12 6 1
github.com/gopaytech/go-commons/pkg/cmd/command.go:122.2,122.6 1 1
github.com/gopaytech/go-commons/pkg/cmd/command.go:115.12,117.22 2 1
github.com/gopaytech/go-commons/pkg/cmd/command.go:117.22,119.4 1 3
github.com/gopaytech/go-commons/pkg/cmd/command.go:122.6,123.10 1 4
github.com/gopaytech/go-commons/pkg/cmd/command.go:124.33,125.10 1 3
github.com/gopaytech/go-commons/pkg/cmd/command.go:131.22,132.10 1 1
github.com/gopaytech/go-commons/pkg/cmd/command.go:125.10,127.10 2 3
github.com/gopaytech/go-commons/pkg/cmd/command.go:128.10,130.5 1 0
github.com/gopaytech/go-commons/pkg/cmd/command.go:137.36,139.2 1 1
